<?xml version="1.0" encoding="UTF-8"?>
<!-- Generated by org.testng.reporters.JUnitReportReporter -->
<testsuite hostname="LAPTOP-PQT8MRRE" failures="0" tests="1" name="com.google.testScenarios.SearchBarTest" time="4.268" errors="0" timestamp="2022-04-14T00:01:46 IST" skipped="0">
  <testcase classname="com.google.testScenarios.SearchBarTest" name="f" time="4.268"/>
  <system-out/>
</testsuite> <!-- com.google.testScenarios.SearchBarTest -->
